<?xml version="1.0" encoding="UTF-8"?>
<testng-results skipped="0" failed="0" ignored="0" total="3" passed="3">
  <reporter-output>
  </reporter-output>
  <suite name="com.zoomdataJemal.smokeTests.LoginTest" duration-ms="3902" started-at="2017-11-19T23:37:11Z" finished-at="2017-11-19T23:37:15Z">
    <groups>
    </groups>
    <test name="Command line test" duration-ms="3902" started-at="2017-11-19T23:37:11Z" finished-at="2017-11-19T23:37:15Z">
      <class name="com.zoomdataJemal.smokeTests.LoginTest">
        <test-method status="PASS" signature="canGoToLoginPage()[pri:1, instance:com.zoomdataJemal.smokeTests.LoginTest@2dca0d64]" name="canGoToLoginPage" duration-ms="479" started-at="2017-11-19T18:37:11Z" finished-at="2017-11-19T18:37:12Z">
          <reporter-output>
          </reporter-output>
        </test-method> <!-- canGoToLoginPage -->
        <test-method status="PASS" signature="loginAsValidZoomDataUser()[pri:2, instance:com.zoomdataJemal.smokeTests.LoginTest@2dca0d64]" name="loginAsValidZoomDataUser" duration-ms="1891" started-at="2017-11-19T18:37:12Z" finished-at="2017-11-19T18:37:13Z">
          <reporter-output>
          </reporter-output>
        </test-method> <!-- loginAsValidZoomDataUser -->
        <test-method status="PASS" signature="canGoToSourcePage()[pri:3, instance:com.zoomdataJemal.smokeTests.LoginTest@2dca0d64]" name="canGoToSourcePage" duration-ms="1334" started-at="2017-11-19T18:37:13Z" finished-at="2017-11-19T18:37:15Z">
          <reporter-output>
          </reporter-output>
        </test-method> <!-- canGoToSourcePage -->
        <test-method status="PASS" signature="cleanUp()[pri:0, instance:com.zoomdataJemal.smokeTests.LoginTest@2dca0d64]" name="cleanUp" is-config="true" duration-ms="186" started-at="2017-11-19T18:37:15Z" finished-at="2017-11-19T18:37:15Z">
          <reporter-output>
          </reporter-output>
        </test-method> <!-- cleanUp -->
      </class> <!-- com.zoomdataJemal.smokeTests.LoginTest -->
    </test> <!-- Command line test -->
  </suite> <!-- com.zoomdataJemal.smokeTests.LoginTest -->
</testng-results>
