<?xml version="1.0" encoding="UTF-8"?>
<testng-results skipped="0" failed="0" ignored="0" total="3" passed="3">
  <reporter-output>
  </reporter-output>
  <suite name="com.zoomdataJemal.smokeTests.LoginTest" duration-ms="3619" started-at="2017-11-18T22:03:37Z" finished-at="2017-11-18T22:03:41Z">
    <groups>
    </groups>
    <test name="Command line test" duration-ms="3619" started-at="2017-11-18T22:03:37Z" finished-at="2017-11-18T22:03:41Z">
      <class name="com.zoomdataJemal.smokeTests.LoginTest">
        <test-method status="PASS" signature="canGoToLoginPage()[pri:1, instance:com.zoomdataJemal.smokeTests.LoginTest@2dca0d64]" name="canGoToLoginPage" duration-ms="486" started-at="2017-11-18T17:03:38Z" finished-at="2017-11-18T17:03:38Z">
          <reporter-output>
          </reporter-output>
        </test-method> <!-- canGoToLoginPage -->
        <test-method status="PASS" signature="loginAsValidZoomDataUser()[pri:2, instance:com.zoomdataJemal.smokeTests.LoginTest@2dca0d64]" name="loginAsValidZoomDataUser" duration-ms="1737" started-at="2017-11-18T17:03:38Z" finished-at="2017-11-18T17:03:40Z">
          <reporter-output>
          </reporter-output>
        </test-method> <!-- loginAsValidZoomDataUser -->
        <test-method status="PASS" signature="canGoToSourcePage()[pri:3, instance:com.zoomdataJemal.smokeTests.LoginTest@2dca0d64]" name="canGoToSourcePage" duration-ms="1191" started-at="2017-11-18T17:03:40Z" finished-at="2017-11-18T17:03:41Z">
          <reporter-output>
          </reporter-output>
        </test-method> <!-- canGoToSourcePage -->
        <test-method status="PASS" signature="cleanUp()[pri:0, instance:com.zoomdataJemal.smokeTests.LoginTest@2dca0d64]" name="cleanUp" is-config="true" duration-ms="187" started-at="2017-11-18T17:03:41Z" finished-at="2017-11-18T17:03:41Z">
          <reporter-output>
          </reporter-output>
        </test-method> <!-- cleanUp -->
      </class> <!-- com.zoomdataJemal.smokeTests.LoginTest -->
    </test> <!-- Command line test -->
  </suite> <!-- com.zoomdataJemal.smokeTests.LoginTest -->
</testng-results>
