<?xml version="1.0" encoding="UTF-8"?>
<!-- Generated by org.testng.reporters.JUnitXMLReporter -->
<testsuite hostname="Zoomdatas-MacBook-Pro.local" ignored="0" name="Command line test" tests="3" failures="0" timestamp="19 Nov 2017 23:37:20 GMT" time="3.902" errors="0">
  <testcase name="canGoToLoginPage" time="0.479" classname="com.zoomdataJemal.smokeTests.LoginTest"/>
  <testcase name="loginAsValidZoomDataUser" time="1.891" classname="com.zoomdataJemal.smokeTests.LoginTest"/>
  <testcase name="canGoToSourcePage" time="1.334" classname="com.zoomdataJemal.smokeTests.LoginTest"/>
</testsuite> <!-- Command line test -->
