<?xml version="1.0" encoding="UTF-8"?>
<!-- Generated by org.testng.reporters.JUnitXMLReporter -->
<testsuite hostname="Zoomdatas-MacBook-Pro.local" ignored="0" name="Command line test" tests="3" failures="0" timestamp="18 Nov 2017 22:03:46 GMT" time="3.619" errors="0">
  <testcase name="canGoToLoginPage" time="0.486" classname="com.zoomdataJemal.smokeTests.LoginTest"/>
  <testcase name="loginAsValidZoomDataUser" time="1.737" classname="com.zoomdataJemal.smokeTests.LoginTest"/>
  <testcase name="canGoToSourcePage" time="1.191" classname="com.zoomdataJemal.smokeTests.LoginTest"/>
</testsuite> <!-- Command line test -->
